{"level":"info","message":"POST /?productId=1&quantity=6 {}","service":"Request Logger"}
{"level":"info","message":"POST /?productId=1&quantity=6 {}","service":"Request Logger"}
{"level":"info","message":"POST /?productId=1&quantity=6 {}","service":"Request Logger"}
{"level":"info","message":"POST /?productId=65fece5e2e6a5156a0ab8002&quantity=6 {}","service":"Request Logger"}
{"level":"info","message":"GET /get-all-cart {}","service":"Request Logger"}
{"level":"info","message":"GET /get-all-cart {}","service":"Request Logger"}
{"level":"info","message":"GET /get-all-cart {}","service":"Request Logger"}
{"level":"info","message":"POST /?productId=65fece5e2e6a5156a0ab8002&quantity=6 {\"productId\":\"65fece5e2e6a5156a0ab8002\",\"quantity\":\"6\"}","service":"Request Logger"}
{"level":"info","message":"GET /get-all-cart {}","service":"Request Logger"}
{"level":"info","message":"GET /get-all-cart {}","service":"Request Logger"}
{"level":"info","message":"GET /get-all-cart {}","service":"Request Logger"}
{"level":"info","message":"GET /get-all-cart {}","service":"Request Logger"}
{"level":"info","message":"GET /get-all-cart {}","service":"Request Logger"}
{"level":"info","message":"DELETE /1 {}","service":"Request Logger"}
{"level":"info","message":"DELETE /delete-item/660084bf51a70a5fcdae3f8a {}","service":"Request Logger"}
{"level":"info","message":"POST /?productId=65fece5e2e6a5156a0ab8002&quantity=6 {\"productId\":\"65fece5e2e6a5156a0ab8002\",\"quantity\":\"6\"}","service":"Request Logger"}
{"level":"info","message":"GET /get-all-cart {}","service":"Request Logger"}
{"level":"info","message":"POST /?productId=65fece5e2e6a5156a0ab8002&quantity=6 {\"productId\":\"65fece5e2e6a5156a0ab8002\",\"quantity\":\"4\"}","service":"Request Logger"}
{"level":"info","message":"POST /?productId=65fece5e2e6a5156a0ab8002&quantity=6 {\"productId\":\"65fece5e2e6a5156a0ab8002\",\"quantity\":\"4\"}","service":"Request Logger"}
{"level":"info","message":"POST /?productId=65fece5e2e6a5156a0ab8002&quantity=6 {\"productId\":\"65fece5e2e6a5156a0ab8002\",\"quantity\":4}","service":"Request Logger"}
{"level":"info","message":"POST /?productId=65fece5e2e6a5156a0ab8002&quantity=6 {\"productId\":\"65fece5e2e6a5156a0ab8002\",\"quantity\":4}","service":"Request Logger"}
{"level":"info","message":"POST /?productId=65fece5e2e6a5156a0ab8002&quantity=6 {\"productId\":\"65fece5e2e6a5156a0ab8002\",\"quantity\":4}","service":"Request Logger"}
{"level":"info","message":"POST /?productId=65fece5e2e6a5156a0ab8002&quantity=6 {\"productId\":\"65fece5e2e6a5156a0ab8002\",\"quantity\":4}","service":"Request Logger"}
{"level":"info","message":"POST /?productId=65fece5e2e6a5156a0ab8002&quantity=6 {\"productId\":\"65fece5e2e6a5156a0ab8002\",\"quantity\":4}","service":"Request Logger"}
{"level":"info","message":"POST /?productId=65fece5e2e6a5156a0ab8002&quantity=6 {\"productId\":\"65fece5e2e6a5156a0ab8002\",\"quantity\":\"3\"}","service":"Request Logger"}
{"level":"info","message":"POST /?productId=65fece5e2e6a5156a0ab8002&quantity=6 {\"productId\":\"65fece5e2e6a5156a0ab8002\",\"quantity\":4}","service":"Request Logger"}
{"level":"info","message":"POST /?productId=65fece5e2e6a5156a0ab8002&quantity=6 {\"productId\":\"65fece5e2e6a5156a0ab8002\",\"quantity\":4}","service":"Request Logger"}
{"level":"info","message":"POST /?productId=65fece5e2e6a5156a0ab8002&quantity=6 {\"productId\":\"65fece5e2e6a5156a0ab8002\",\"quantity\":4}","service":"Request Logger"}
{"level":"info","message":"POST /?productId=65fece5e2e6a5156a0ab8002&quantity=6 {\"productId\":\"65fece5e2e6a5156a0ab8002\",\"quantity\":4}","service":"Request Logger"}
{"level":"info","message":"POST /?productId=65fece5e2e6a5156a0ab8002&quantity=6 {\"productId\":\"65fece5e2e6a5156a0ab8002\",\"quantity\":4}","service":"Request Logger"}
{"level":"info","message":"POST /?productId=65fece5e2e6a5156a0ab8002&quantity=6 {\"productId\":\"65fece5e2e6a5156a0ab8002\",\"quantity\":\"4\"}","service":"Request Logger"}
{"level":"info","message":"POST /?productId=65fece5e2e6a5156a0ab8002&quantity=6 {\"productId\":\"65fece5e2e6a5156a0ab8002\",\"quantity\":4}","service":"Request Logger"}
{"level":"info","message":"POST /?productId=65fece5e2e6a5156a0ab8002&quantity=6 {\"productId\":\"65fece5e2e6a5156a0ab8002\",\"quantity\":4}","service":"Request Logger"}
{"level":"info","message":"POST /?productId=65fece5e2e6a5156a0ab8002&quantity=6 {\"productId\":\"65fece5e2e6a5156a0ab8002\",\"quantity\":4}","service":"Request Logger"}
{"level":"info","message":"POST /?productId=65fece5e2e6a5156a0ab8002&quantity=6 {\"productId\":\"65fece5e2e6a5156a0ab8002\",\"quantity\":4}","service":"Request Logger"}
{"level":"info","message":"POST /?productId=65fece5e2e6a5156a0ab8002&quantity=6 {\"productId\":\"65fece5e2e6a5156a0ab8002\",\"quantity\":4}","service":"Request Logger"}
{"level":"info","message":"POST / {\"productId\":\"65fece5e2e6a5156a0ab8002\",\"quantity\":4}","service":"Request Logger"}
{"level":"info","message":"POST / {\"productId\":\"65fece5e2e6a5156a0ab8002\",\"quantity\":4}","service":"Request Logger"}
{"level":"info","message":"POST / {\"productId\":\"65fece5e2e6a5156a0ab8002\",\"quantity\":4}","service":"Request Logger"}
{"level":"info","message":"POST / {\"productId\":\"65fece5e2e6a5156a0ab8002\",\"quantity\":\"4\"}","service":"Request Logger"}
{"level":"info","message":"POST / {\"productId\":\"65fece5e2e6a5156a0ab8002\",\"quantity\":\"4\"}","service":"Request Logger"}
{"level":"info","message":"POST / {\"productId\":\"65fece5e2e6a5156a0ab8002\",\"quantity\":3}","service":"Request Logger"}
{"level":"info","message":"POST / {\"productId\":\"65fece5e2e6a5156a0ab8002\",\"quantity\":3}","service":"Request Logger"}
{"level":"info","message":"POST / {\"productId\":\"65fece5e2e6a5156a0ab8002\",\"quantity\":6}","service":"Request Logger"}
{"level":"info","message":"POST / {\"productId\":\"65fece5e2e6a5156a0ab8002\",\"quantity\":4}","service":"Request Logger"}
{"level":"info","message":"POST / {\"productId\":\"65fece5e2e6a5156a0ab8002\",\"quantity\":-6}","service":"Request Logger"}
{"level":"info","message":"POST / {\"productId\":\"65fece5e2e6a5156a0ab8002\",\"quantity\":-6}","service":"Request Logger"}
{"level":"info","message":"POST / {\"productId\":\"65fece5e2e6a5156a0ab8002\",\"quantity\":-6}","service":"Request Logger"}
{"level":"info","message":"POST / {\"productId\":\"65fece5e2e6a5156a0ab8002\",\"quantity\":-6}","service":"Request Logger"}
{"level":"info","message":"POST / {\"productId\":\"65fece5e2e6a5156a0ab8002\",\"quantity\":-6}","service":"Request Logger"}
{"level":"info","message":"POST / {\"productId\":\"65fece5e2e6a5156a0ab8002\",\"quantity\":-6}","service":"Request Logger"}
{"level":"info","message":"POST / {\"productId\":\"65fece5e2e6a5156a0ab8002\",\"quantity\":-6}","service":"Request Logger"}
{"level":"info","message":"POST / {\"productId\":\"65fece5e2e6a5156a0ab8002\",\"quantity\":-6}","service":"Request Logger"}
{"level":"info","message":"POST / {\"productId\":\"65fece5e2e6a5156a0ab8002\",\"quantity\":-6}","service":"Request Logger"}
{"level":"info","message":"POST / {\"productId\":\"65fece5e2e6a5156a0ab8002\",\"quantity\":-6}","service":"Request Logger"}
{"level":"info","message":"POST / {\"productId\":\"65fece5e2e6a5156a0ab8002\",\"quantity\":-6}","service":"Request Logger"}
{"level":"info","message":"POST / {\"productId\":\"65fece5e2e6a5156a0ab8002\",\"quantity\":-6}","service":"Request Logger"}
{"level":"info","message":"POST / {\"productId\":\"65fece5e2e6a5156a0ab8002\",\"quantity\":-6}","service":"Request Logger"}
{"level":"info","message":"POST / {\"productId\":\"65fece5e2e6a5156a0ab8002\",\"quantity\":-6}","service":"Request Logger"}
{"level":"info","message":"POST / {\"productId\":\"65fece5e2e6a5156a0ab8002\",\"quantity\":-6}","service":"Request Logger"}
{"level":"info","message":"POST / {\"productId\":\"65fece5e2e6a5156a0ab8002\",\"quantity\":-6}","service":"Request Logger"}
{"level":"info","message":"POST / {\"productId\":\"65fece5e2e6a5156a0ab8002\",\"quantity\":-6}","service":"Request Logger"}
{"level":"info","message":"POST / {\"productId\":\"65fece5e2e6a5156a0ab8002\",\"quantity\":-6}","service":"Request Logger"}
{"level":"info","message":"POST / {\"productId\":\"65fece5e2e6a5156a0ab8002\",\"quantity\":5}","service":"Request Logger"}
{"level":"info","message":"POST / {\"productId\":\"65fece5e2e6a5156a0ab8002\",\"quantity\":7}","service":"Request Logger"}
{"level":"info","message":"POST / {\"productId\":\"65fece5e2e6a5156a0ab8002\",\"quantity\":4}","service":"Request Logger"}
{"level":"info","message":"POST / {\"productId\":\"65fece5e2e6a5156a0ab8002\",\"quantity\":-4}","service":"Request Logger"}
{"level":"info","message":"POST / {\"productId\":\"65fecfbe89fc4f0eb501962b\",\"quantity\":3}","service":"Request Logger"}
